<?xml version="1.0" encoding="UTF-8"?>
<!-- Generated by org.testng.reporters.JUnitReportReporter -->
<testsuite hostname="STIPLGGNL079" name="com.workday.salesforce.tests.TestCases" tests="2" failures="0" timestamp="1 Jun 2016 16:05:34 GMT" time="36.096" errors="0">
  <testcase name="Select_Customer_Under_CSODAdmin" time="1.078" classname="com.workday.salesforce.tests.TestCases"/>
  <testcase name="Perform_Login_And_Verify_HomePage" time="35.018" classname="com.workday.salesforce.tests.TestCases"/>
</testsuite> <!-- com.workday.salesforce.tests.TestCases -->
