<?xml version="1.0" encoding="UTF-8"?>
<!-- Generated by org.testng.reporters.JUnitReportReporter -->
<testsuite hostname="STIPLGGNL035" name="com.workday.salesforce.tests.TestCases" tests="2" failures="0" timestamp="7 Jun 2016 05:31:40 GMT" time="37.937" errors="0">
  <testcase name="Select_Customer_Under_CSODAdmin" time="12.211" classname="com.workday.salesforce.tests.TestCases"/>
  <testcase name="Perform_Login_And_Verify_HomePage" time="25.726" classname="com.workday.salesforce.tests.TestCases"/>
</testsuite> <!-- com.workday.salesforce.tests.TestCases -->
