<?xml version="1.0" encoding="UTF-8"?>
<!-- Generated by org.testng.reporters.JUnitReportReporter -->
<testsuite hostname="STIPLGGNL035" name="com.workday.salesforce.tests.services.ServiceCareAdditionalTenantTest" tests="2" failures="1" timestamp="7 Jun 2016 08:28:53 GMT" time="25.092" errors="0">
  <testcase name="Create_ServiceCareCaseCreation_Additional_Tenant_Request" time="0.661" classname="com.workday.salesforce.tests.services.ServiceCareAdditionalTenantTest">
    <failure type="java.lang.NullPointerException">
      <![CDATA[java.lang.NullPointerException
	at com.workday.salesforce.utils.BasePage.click(BasePage.java:32)
	at com.workday.salesforce.actions.services.SCCaseCreationWithAdditionalTenantRequestPageAction.Click_On_Cases_Tab(SCCaseCreationWithAdditionalTenantRequestPageAction.java:17)
	at com.workday.salesforce.tests.services.ServiceCareAdditionalTenantTest.Create_ServiceCareCaseCreation_Additional_Tenant_Request(ServiceCareAdditionalTenantTest.java:36)
	at sun.reflect.NativeMethodAccessorImpl.invoke0(Native Method)
	at sun.reflect.NativeMethodAccessorImpl.invoke(NativeMethodAccessorImpl.java:57)
	at sun.reflect.DelegatingMethodAccessorImpl.invoke(DelegatingMethodAccessorImpl.java:43)
	at java.lang.reflect.Method.invoke(Method.java:606)
	at org.testng.internal.MethodInvocationHelper.invokeMethod(MethodInvocationHelper.java:80)
	at org.testng.internal.Invoker.invokeMethod(Invoker.java:714)
	at org.testng.internal.Invoker.invokeTestMethod(Invoker.java:901)
	at org.testng.internal.Invoker.invokeTestMethods(Invoker.java:1231)
	at org.testng.internal.TestMethodWorker.invokeTestMethods(TestMethodWorker.java:127)
	at org.testng.internal.TestMethodWorker.run(TestMethodWorker.java:111)
	at org.testng.TestRunner.privateRun(TestRunner.java:767)
	at org.testng.TestRunner.run(TestRunner.java:617)
	at org.testng.SuiteRunner.runTest(SuiteRunner.java:334)
	at org.testng.SuiteRunner.runSequentially(SuiteRunner.java:329)
	at org.testng.SuiteRunner.privateRun(SuiteRunner.java:291)
	at org.testng.SuiteRunner.run(SuiteRunner.java:240)
	at org.testng.SuiteRunnerWorker.runSuite(SuiteRunnerWorker.java:52)
	at org.testng.SuiteRunnerWorker.run(SuiteRunnerWorker.java:86)
	at org.testng.TestNG.runSuitesSequentially(TestNG.java:1198)
	at org.testng.TestNG.runSuitesLocally(TestNG.java:1123)
	at org.testng.TestNG.run(TestNG.java:1031)
	at org.testng.remote.AbstractRemoteTestNG.run(AbstractRemoteTestNG.java:126)
	at org.testng.remote.RemoteTestNG.initAndRun(RemoteTestNG.java:75)
	at org.testng.remote.RemoteTestNG.main(RemoteTestNG.java:46)
]]>
    </failure>
  </testcase> <!-- Create_ServiceCareCaseCreation_Additional_Tenant_Request -->
  <testcase name="Perform_Login_And_Verify_HomePage" time="24.431" classname="com.workday.salesforce.tests.services.ServiceCareAdditionalTenantTest"/>
</testsuite> <!-- com.workday.salesforce.tests.services.ServiceCareAdditionalTenantTest -->
